#
# There is insufficient memory for the Java Runtime Environment to continue.
# Native memory allocation (malloc) failed to allocate 1048576 bytes for AllocateHeap
# Possible reasons:
#   The system is out of physical RAM or swap space
#   In 32 bit mode, the process size limit was hit
# Possible solutions:
#   Reduce memory load on the system
#   Increase physical memory or swap space
#   Check if swap backing store is full
#   Use 64 bit Java on a 64 bit OS
#   Decrease Java heap size (-Xmx/-Xms)
#   Decrease number of Java threads
#   Decrease Java thread stack sizes (-Xss)
#   Set larger code cache with -XX:ReservedCodeCacheSize=
# This output file may be truncated or incomplete.
#
#  Out of Memory Error (memory/allocation.inline.hpp:61), pid=2684, tid=1572
#
# JRE version:  (7.0_45-b18) (build )
# Java VM: Java HotSpot(TM) 64-Bit Server VM (24.45-b08 mixed mode windows-amd64 compressed oops)
# Failed to write core dump. Minidumps are not enabled by default on client versions of Windows
#

---------------  T H R E A D  ---------------

Current thread (0x0000000001d10800):  JavaThread "Unknown thread" [_thread_in_vm, id=1572, stack(0x0000000001c10000,0x0000000001d10000)]

Stack: [0x0000000001c10000,0x0000000001d10000]

---------------  P R O C E S S  ---------------

Java Threads: ( => current thread )

Other Threads:

=>0x0000000001d10800 (exited) JavaThread "Unknown thread" [_thread_in_vm, id=1572, stack(0x0000000001c10000,0x0000000001d10000)]

VM state:not at safepoint (normal execution)

VM Mutex/Monitor currently owned by a thread: None

Heap
 PSYoungGen      total 19456K, used 338K [0x00000000eae80000, 0x00000000ec400000, 0x0000000100000000)
  eden space 16896K, 2% used [0x00000000eae80000,0x00000000eaed4818,0x00000000ebf00000)
  from space 2560K, 0% used [0x00000000ec180000,0x00000000ec180000,0x00000000ec400000)
  to   space 2560K, 0% used [0x00000000ebf00000,0x00000000ebf00000,0x00000000ec180000)
 ParOldGen       total 43008K, used 0K [0x00000000c0c00000, 0x00000000c3600000, 0x00000000eae80000)
  object space 43008K, 0% used [0x00000000c0c00000,0x00000000c0c00000,0x00000000c3600000)
 PSPermGen       total 21504K, used 673K [0x00000000bba00000, 0x00000000bcf00000, 0x00000000c0c00000)
  object space 21504K, 3% used [0x00000000bba00000,0x00000000bbaa8570,0x00000000bcf00000)

Card table byte_map: [0x0000000004ed0000,0x0000000005100000] byte_map_base: 0x00000000048f3000

Polling page: 0x0000000000420000

Code Cache  [0x0000000001e10000, 0x0000000002080000, 0x0000000004e10000)
 total_blobs=38 nmethods=0 adapters=20 free_code_cache=48889Kb largest_free_block=50062528

Compilation events (0 events):
No events

GC Heap History (0 events):
No events

Deoptimization events (0 events):
No events

Internal exceptions (0 events):
No events

Events (10 events):
Event: 0.050 loading class 0x0000000001d56d80
Event: 0.050 loading class 0x0000000001d56d80 done
Event: 0.050 loading class 0x0000000001d56dd0
Event: 0.050 loading class 0x0000000001d56dd0 done
Event: 0.050 loading class 0x0000000001d56e20
Event: 0.051 loading class 0x0000000001d56e20 done
Event: 0.053 loading class 0x0000000001d57b80
Event: 0.053 loading class 0x0000000001d57b80 done
Event: 0.053 loading class 0x0000000001d577a0
Event: 0.053 loading class 0x0000000001d577a0 done


Dynamic libraries:
0x000007f7900a0000 - 0x000007f7900d3000 	C:\Program Files\Java\jdk1.7.0_45\bin\java.exe
0x000007fd1ca10000 - 0x000007fd1cbcd000 	C:\Windows\SYSTEM32\ntdll.dll
0x000007fd1abb0000 - 0x000007fd1ace7000 	C:\Windows\system32\KERNEL32.DLL
0x000007fd19ce0000 - 0x000007fd19dd4000 	C:\Windows\system32\KERNELBASE.dll
0x000007fd1b0f0000 - 0x000007fd1b1ce000 	C:\Windows\system32\ADVAPI32.dll
0x000007fd1a840000 - 0x000007fd1a98c000 	C:\Windows\system32\USER32.dll
0x000007fd174a0000 - 0x000007fd1770a000 	C:\Windows\WinSxS\amd64_microsoft.windows.common-controls_6595b64144ccf1df_6.0.9200.17321_none_41866eeb718ed8b9\COMCTL32.dll
0x000007fd19de0000 - 0x000007fd19e85000 	C:\Windows\system32\msvcrt.dll
0x000007fd1ab60000 - 0x000007fd1aba8000 	C:\Windows\SYSTEM32\sechost.dll
0x000007fd1a380000 - 0x000007fd1a4c5000 	C:\Windows\system32\RPCRT4.dll
0x000007fd1c8b0000 - 0x000007fd1c9f1000 	C:\Windows\system32\GDI32.dll
0x000007fd1ada0000 - 0x000007fd1add9000 	C:\Windows\system32\IMM32.DLL
0x000007fd1a660000 - 0x000007fd1a775000 	C:\Windows\system32\MSCTF.dll
0x0000000073640000 - 0x0000000073712000 	C:\Program Files\Java\jdk1.7.0_45\jre\bin\msvcr100.dll
0x0000000073ad0000 - 0x0000000074299000 	C:\Program Files\Java\jdk1.7.0_45\jre\bin\server\jvm.dll
0x000007fd122a0000 - 0x000007fd122a9000 	C:\Windows\SYSTEM32\WSOCK32.dll
0x000007fd13240000 - 0x000007fd13260000 	C:\Windows\SYSTEM32\WINMM.dll
0x000007fd1ade0000 - 0x000007fd1ade7000 	C:\Windows\system32\PSAPI.DLL
0x000007fd1a780000 - 0x000007fd1a7d8000 	C:\Windows\system32\WS2_32.dll
0x000007fd13200000 - 0x000007fd13233000 	C:\Windows\SYSTEM32\WINMMBASE.dll
0x000007fd1ca00000 - 0x000007fd1ca09000 	C:\Windows\system32\NSI.dll
0x000007fd19c90000 - 0x000007fd19cdf000 	C:\Windows\SYSTEM32\cfgmgr32.dll
0x000007fd19c40000 - 0x000007fd19c62000 	C:\Windows\system32\DEVOBJ.dll
0x00000000743b0000 - 0x00000000743bf000 	C:\Program Files\Java\jdk1.7.0_45\jre\bin\verify.dll
0x0000000074380000 - 0x00000000743a8000 	C:\Program Files\Java\jdk1.7.0_45\jre\bin\java.dll
0x0000000074360000 - 0x0000000074375000 	C:\Program Files\Java\jdk1.7.0_45\jre\bin\zip.dll

VM Arguments:
java_command: <unknown>
Launcher Type: SUN_STANDARD

Environment Variables:
PATH=C:\ProgramData\Oracle\Java\javapath;C:\Python27\;C:\Python27\Scripts;C:\Program Files\Java\jdk1.7.0_45\bin;C:\Windows\system32;C:\Windows;C:\Windows\System32\Wbem;C:\Windows\System32\WindowsPowerShell\v1.0\;C:\Program Files (x86)\Windows Live\Shared;C:\Program Files (x86)\Microsoft SQL Server\100\Tools\Binn\;C:\Program Files\Microsoft SQL Server\100\Tools\Binn\;C:\Program Files\Microsoft SQL Server\100\DTS\Binn\;C:\Program Files\Microsoft\Web Platform Installer\;C:\Program Files (x86)\Microsoft ASP.NET\ASP.NET Web Pages\v1.0\;C:\Program Files\Microsoft SQL Server\110\Tools\Binn\;C:\Program Files (x86)\SMLNJ\bin\;C:\Program Files (x86)\Microsoft SQL Server\100\Tools\Binn\VSShell\Common7\IDE\;C:\Program Files (x86)\Microsoft SQL Server\100\DTS\Binn\;C:\Program Files (x86)\Common Files\lenovo\easyplussdk\bin;C:\Program Files (x86)\Heroku\bin;C:\Program Files (x86)\git\cmd;C:\Program Files (x86)\Windows Kits\8.1\Windows Performance Toolkit\;C:\Program Files (x86)\Microsoft SDKs\TypeScript\1.0\;C:\Users\Molham\AppData\Roaming\Python\Scripts
USERNAME=Molham
OS=Windows_NT
PROCESSOR_IDENTIFIER=Intel64 Family 6 Model 42 Stepping 7, GenuineIntel



---------------  S Y S T E M  ---------------

OS: Windows 8 , 64 bit Build 9200 

CPU:total 4 (2 cores per cpu, 2 threads per core) family 6 model 42 stepping 7, cmov, cx8, fxsr, mmx, sse, sse2, sse3, ssse3, sse4.1, sse4.2, popcnt, avx, ht, tsc, tscinvbit

Memory: 4k page, physical 4140908k(401696k free), swap 7428664k(205156k free)

vm_info: Java HotSpot(TM) 64-Bit Server VM (24.45-b08) for windows-amd64 JRE (1.7.0_45-b18), built on Oct  8 2013 05:47:22 by "java_re" with unknown MS VC++:1600

time: Wed Jul 08 19:56:35 2015
elapsed time: 0 seconds

