#
# There is insufficient memory for the Java Runtime Environment to continue.
# Native memory allocation (malloc) failed to allocate 1840576 bytes for Chunk::new
# Possible reasons:
#   The system is out of physical RAM or swap space
#   In 32 bit mode, the process size limit was hit
# Possible solutions:
#   Reduce memory load on the system
#   Increase physical memory or swap space
#   Check if swap backing store is full
#   Use 64 bit Java on a 64 bit OS
#   Decrease Java heap size (-Xmx/-Xms)
#   Decrease number of Java threads
#   Decrease Java thread stack sizes (-Xss)
#   Set larger code cache with -XX:ReservedCodeCacheSize=
# This output file may be truncated or incomplete.
#
#  Out of Memory Error (allocation.cpp:390), pid=5160, tid=7956
#
# JRE version: Java(TM) SE Runtime Environment (8.0_45-b14) (build 1.8.0_45-b14)
# Java VM: Java HotSpot(TM) 64-Bit Server VM (25.45-b02 mixed mode windows-amd64 compressed oops)
# Failed to write core dump. Minidumps are not enabled by default on client versions of Windows
#

---------------  T H R E A D  ---------------

Current thread (0x0000000014efa800):  JavaThread "C2 CompilerThread0" daemon [_thread_in_native, id=7956, stack(0x0000000016450000,0x0000000016550000)]

Stack: [0x0000000016450000,0x0000000016550000]
Native frames: (J=compiled Java code, j=interpreted, Vv=VM code, C=native code)
V  [jvm.dll+0x32b57a]
V  [jvm.dll+0x279873]
V  [jvm.dll+0x27a509]
V  [jvm.dll+0x271825]
V  [jvm.dll+0xcb9e2]
V  [jvm.dll+0xcbeac]
V  [jvm.dll+0x476ef2]
V  [jvm.dll+0x4b955f]
V  [jvm.dll+0x46bf81]
V  [jvm.dll+0x46ccbe]
V  [jvm.dll+0x4500f2]
V  [jvm.dll+0xa4352]
V  [jvm.dll+0xa4c8f]
V  [jvm.dll+0x241984]
V  [jvm.dll+0x29853a]
C  [msvcr100.dll+0x21d9f]
C  [msvcr100.dll+0x21e3b]
C  [KERNEL32.DLL+0x1842]
C  [ntdll.dll+0x302a9]


Current CompileTask:
C2:  15865 1916       4       com.android.dx.cf.code.Simulator$SimVisitor::visitConstant (332 bytes)


---------------  P R O C E S S  ---------------

Java Threads: ( => current thread )
  0x00000000167ce800 JavaThread "Service Thread" daemon [_thread_blocked, id=888, stack(0x0000000016b50000,0x0000000016c50000)]
  0x0000000014f0d000 JavaThread "C1 CompilerThread2" daemon [_thread_blocked, id=7524, stack(0x0000000016650000,0x0000000016750000)]
  0x0000000014efe800 JavaThread "C2 CompilerThread1" daemon [_thread_in_native, id=7560, stack(0x0000000016550000,0x0000000016650000)]
=>0x0000000014efa800 JavaThread "C2 CompilerThread0" daemon [_thread_in_native, id=7956, stack(0x0000000016450000,0x0000000016550000)]
  0x0000000014ef9000 JavaThread "Attach Listener" daemon [_thread_blocked, id=7468, stack(0x0000000016350000,0x0000000016450000)]
  0x0000000014ef5800 JavaThread "Signal Dispatcher" daemon [_thread_blocked, id=7568, stack(0x0000000016250000,0x0000000016350000)]
  0x0000000002817800 JavaThread "Finalizer" daemon [_thread_blocked, id=2332, stack(0x0000000016150000,0x0000000016250000)]
  0x000000000280f000 JavaThread "Reference Handler" daemon [_thread_blocked, id=8792, stack(0x0000000016050000,0x0000000016150000)]
  0x0000000002722800 JavaThread "main" [_thread_in_native, id=5364, stack(0x0000000002270000,0x0000000002370000)]

Other Threads:
  0x0000000014eb7800 VMThread [stack: 0x0000000015f50000,0x0000000016050000] [id=5628]
  0x0000000014f4e000 WatcherThread [stack: 0x0000000016c50000,0x0000000016d50000] [id=5780]

VM state:not at safepoint (normal execution)

VM Mutex/Monitor currently owned by a thread: None

Heap:
 PSYoungGen      total 143360K, used 44155K [0x00000000eab00000, 0x00000000f5300000, 0x0000000100000000)
  eden space 126976K, 21% used [0x00000000eab00000,0x00000000ec623758,0x00000000f2700000)
  from space 16384K, 99% used [0x00000000f3b00000,0x00000000f4afb6d0,0x00000000f4b00000)
  to   space 20480K, 0% used [0x00000000f2700000,0x00000000f2700000,0x00000000f3b00000)
 ParOldGen       total 44032K, used 32535K [0x00000000c0000000, 0x00000000c2b00000, 0x00000000eab00000)
  object space 44032K, 73% used [0x00000000c0000000,0x00000000c1fc5d78,0x00000000c2b00000)
 Metaspace       used 5797K, capacity 7152K, committed 7296K, reserved 1056768K
  class space    used 546K, capacity 616K, committed 640K, reserved 1048576K

Card table byte_map: [0x0000000011be0000,0x0000000011df0000] byte_map_base: 0x00000000115e0000

Marking Bits: (ParMarkBitMap*) 0x00000000734d4040
 Begin Bits: [0x0000000012350000, 0x0000000013350000)
 End Bits:   [0x0000000013350000, 0x0000000014350000)

Polling page: 0x0000000002220000

CodeCache: size=245760Kb used=9499Kb max_used=9499Kb free=236260Kb
 bounds [0x0000000002820000, 0x0000000003180000, 0x0000000011820000]
 total_blobs=2210 nmethods=1945 adapters=178
 compilation: enabled

Compilation events (10 events):
Event: 15.152 Thread 0x0000000014efa800 nmethod 1956 0x0000000003150210 code [0x0000000003150360, 0x0000000003150538]
Event: 15.152 Thread 0x0000000014efa800 1912       4       com.android.dx.cf.code.RopperMachine::startBlock (48 bytes)
Event: 15.156 Thread 0x0000000014efa800 nmethod 1912 0x0000000003149810 code [0x0000000003149940, 0x0000000003149a78]
Event: 15.156 Thread 0x0000000014efa800 1913       4       com.android.dx.cf.code.OneLocalsArray::copy (5 bytes)
Event: 15.161 Thread 0x0000000014efa800 nmethod 1913 0x0000000003149250 code [0x00000000031493a0, 0x0000000003149658]
Event: 15.161 Thread 0x0000000014efa800 1863       4       com.android.dx.rop.cst.CstString::hashCode (8 bytes)
Event: 15.165 Thread 0x0000000014efa800 nmethod 1863 0x0000000003153ed0 code [0x0000000003154000, 0x0000000003154178]
Event: 15.165 Thread 0x0000000014efa800 1787       4       com.android.dx.rop.cst.CstLiteral32::equals (35 bytes)
Event: 15.166 Thread 0x0000000014efa800 nmethod 1787 0x0000000003134c90 code [0x0000000003134dc0, 0x0000000003134e98]
Event: 15.166 Thread 0x0000000014efa800 1916       4       com.android.dx.cf.code.Simulator$SimVisitor::visitConstant (332 bytes)

GC Heap History (10 events):
Event: 9.578 GC heap before
{Heap before GC invocations=3 (full 0):
 PSYoungGen      total 18944K, used 18922K [0x00000000eab00000, 0x00000000ed000000, 0x0000000100000000)
  eden space 16384K, 100% used [0x00000000eab00000,0x00000000ebb00000,0x00000000ebb00000)
  from space 2560K, 99% used [0x00000000ebd80000,0x00000000ebffaaa8,0x00000000ec000000)
  to   space 2560K, 0% used [0x00000000ebb00000,0x00000000ebb00000,0x00000000ebd80000)
 ParOldGen       total 44032K, used 4086K [0x00000000c0000000, 0x00000000c2b00000, 0x00000000eab00000)
  object space 44032K, 9% used [0x00000000c0000000,0x00000000c03fdbb0,0x00000000c2b00000)
 Metaspace       used 5630K, capacity 7024K, committed 7296K, reserved 1056768K
  class space    used 542K, capacity 616K, committed 640K, reserved 1048576K
Event: 9.606 GC heap after
Heap after GC invocations=3 (full 0):
 PSYoungGen      total 18944K, used 2528K [0x00000000eab00000, 0x00000000ed000000, 0x0000000100000000)
  eden space 16384K, 0% used [0x00000000eab00000,0x00000000eab00000,0x00000000ebb00000)
  from space 2560K, 98% used [0x00000000ebb00000,0x00000000ebd78018,0x00000000ebd80000)
  to   space 2560K, 0% used [0x00000000ecd80000,0x00000000ecd80000,0x00000000ed000000)
 ParOldGen       total 44032K, used 6829K [0x00000000c0000000, 0x00000000c2b00000, 0x00000000eab00000)
  object space 44032K, 15% used [0x00000000c0000000,0x00000000c06ab640,0x00000000c2b00000)
 Metaspace       used 5630K, capacity 7024K, committed 7296K, reserved 1056768K
  class space    used 542K, capacity 616K, committed 640K, reserved 1048576K
}
Event: 10.797 GC heap before
{Heap before GC invocations=4 (full 0):
 PSYoungGen      total 18944K, used 18912K [0x00000000eab00000, 0x00000000ed000000, 0x0000000100000000)
  eden space 16384K, 100% used [0x00000000eab00000,0x00000000ebb00000,0x00000000ebb00000)
  from space 2560K, 98% used [0x00000000ebb00000,0x00000000ebd78018,0x00000000ebd80000)
  to   space 2560K, 0% used [0x00000000ecd80000,0x00000000ecd80000,0x00000000ed000000)
 ParOldGen       total 44032K, used 6829K [0x00000000c0000000, 0x00000000c2b00000, 0x00000000eab00000)
  object space 44032K, 15% used [0x00000000c0000000,0x00000000c06ab640,0x00000000c2b00000)
 Metaspace       used 5655K, capacity 7024K, committed 7296K, reserved 1056768K
  class space    used 544K, capacity 616K, committed 640K, reserved 1048576K
Event: 10.831 GC heap after
Heap after GC invocations=4 (full 0):
 PSYoungGen      total 35328K, used 2544K [0x00000000eab00000, 0x00000000ed000000, 0x0000000100000000)
  eden space 32768K, 0% used [0x00000000eab00000,0x00000000eab00000,0x00000000ecb00000)
  from space 2560K, 99% used [0x00000000ecd80000,0x00000000ecffc028,0x00000000ed000000)
  to   space 2560K, 0% used [0x00000000ecb00000,0x00000000ecb00000,0x00000000ecd80000)
 ParOldGen       total 44032K, used 9676K [0x00000000c0000000, 0x00000000c2b00000, 0x00000000eab00000)
  object space 44032K, 21% used [0x00000000c0000000,0x00000000c0973018,0x00000000c2b00000)
 Metaspace       used 5655K, capacity 7024K, committed 7296K, reserved 1056768K
  class space    used 544K, capacity 616K, committed 640K, reserved 1048576K
}
Event: 12.014 GC heap before
{Heap before GC invocations=5 (full 0):
 PSYoungGen      total 35328K, used 35312K [0x00000000eab00000, 0x00000000ed000000, 0x0000000100000000)
  eden space 32768K, 100% used [0x00000000eab00000,0x00000000ecb00000,0x00000000ecb00000)
  from space 2560K, 99% used [0x00000000ecd80000,0x00000000ecffc028,0x00000000ed000000)
  to   space 2560K, 0% used [0x00000000ecb00000,0x00000000ecb00000,0x00000000ecd80000)
 ParOldGen       total 44032K, used 9676K [0x00000000c0000000, 0x00000000c2b00000, 0x00000000eab00000)
  object space 44032K, 21% used [0x00000000c0000000,0x00000000c0973018,0x00000000c2b00000)
 Metaspace       used 5710K, capacity 7088K, committed 7296K, reserved 1056768K
  class space    used 545K, capacity 616K, committed 640K, reserved 1048576K
Event: 12.055 GC heap after
Heap after GC invocations=5 (full 0):
 PSYoungGen      total 35328K, used 2555K [0x00000000eab00000, 0x00000000efb00000, 0x0000000100000000)
  eden space 32768K, 0% used [0x00000000eab00000,0x00000000eab00000,0x00000000ecb00000)
  from space 2560K, 99% used [0x00000000ecb00000,0x00000000ecd7ecf8,0x00000000ecd80000)
  to   space 8192K, 0% used [0x00000000ef300000,0x00000000ef300000,0x00000000efb00000)
 ParOldGen       total 44032K, used 15173K [0x00000000c0000000, 0x00000000c2b00000, 0x00000000eab00000)
  object space 44032K, 34% used [0x00000000c0000000,0x00000000c0ed15d8,0x00000000c2b00000)
 Metaspace       used 5710K, capacity 7088K, committed 7296K, reserved 1056768K
  class space    used 545K, capacity 616K, committed 640K, reserved 1048576K
}
Event: 12.553 GC heap before
{Heap before GC invocations=6 (full 0):
 PSYoungGen      total 35328K, used 35323K [0x00000000eab00000, 0x00000000efb00000, 0x0000000100000000)
  eden space 32768K, 100% used [0x00000000eab00000,0x00000000ecb00000,0x00000000ecb00000)
  from space 2560K, 99% used [0x00000000ecb00000,0x00000000ecd7ecf8,0x00000000ecd80000)
  to   space 8192K, 0% used [0x00000000ef300000,0x00000000ef300000,0x00000000efb00000)
 ParOldGen       total 44032K, used 15173K [0x00000000c0000000, 0x00000000c2b00000, 0x00000000eab00000)
  object space 44032K, 34% used [0x00000000c0000000,0x00000000c0ed15d8,0x00000000c2b00000)
 Metaspace       used 5726K, capacity 7088K, committed 7296K, reserved 1056768K
  class space    used 545K, capacity 616K, committed 640K, reserved 1048576K
Event: 12.596 GC heap after
Heap after GC invocations=6 (full 0):
 PSYoungGen      total 73728K, used 6923K [0x00000000eab00000, 0x00000000efb00000, 0x0000000100000000)
  eden space 65536K, 0% used [0x00000000eab00000,0x00000000eab00000,0x00000000eeb00000)
  from space 8192K, 84% used [0x00000000ef300000,0x00000000ef9c2d08,0x00000000efb00000)
  to   space 8192K, 0% used [0x00000000eeb00000,0x00000000eeb00000,0x00000000ef300000)
 ParOldGen       total 44032K, used 15181K [0x00000000c0000000, 0x00000000c2b00000, 0x00000000eab00000)
  object space 44032K, 34% used [0x00000000c0000000,0x00000000c0ed35d8,0x00000000c2b00000)
 Metaspace       used 5726K, capacity 7088K, committed 7296K, reserved 1056768K
  class space    used 545K, capacity 616K, committed 640K, reserved 1048576K
}
Event: 13.623 GC heap before
{Heap before GC invocations=7 (full 0):
 PSYoungGen      total 73728K, used 72459K [0x00000000eab00000, 0x00000000efb00000, 0x0000000100000000)
  eden space 65536K, 100% used [0x00000000eab00000,0x00000000eeb00000,0x00000000eeb00000)
  from space 8192K, 84% used [0x00000000ef300000,0x00000000ef9c2d08,0x00000000efb00000)
  to   space 8192K, 0% used [0x00000000eeb00000,0x00000000eeb00000,0x00000000ef300000)
 ParOldGen       total 44032K, used 15181K [0x00000000c0000000, 0x00000000c2b00000, 0x00000000eab00000)
  object space 44032K, 34% used [0x00000000c0000000,0x00000000c0ed35d8,0x00000000c2b00000)
 Metaspace       used 5767K, capacity 7088K, committed 7296K, reserved 1056768K
  class space    used 546K, capacity 616K, committed 640K, reserved 1048576K
Event: 13.714 GC heap after
Heap after GC invocations=7 (full 0):
 PSYoungGen      total 73728K, used 8182K [0x00000000eab00000, 0x00000000f4b00000, 0x0000000100000000)
  eden space 65536K, 0% used [0x00000000eab00000,0x00000000eab00000,0x00000000eeb00000)
  from space 8192K, 99% used [0x00000000eeb00000,0x00000000ef2fd808,0x00000000ef300000)
  to   space 16384K, 0% used [0x00000000f3b00000,0x00000000f3b00000,0x00000000f4b00000)
 ParOldGen       total 44032K, used 28842K [0x00000000c0000000, 0x00000000c2b00000, 0x00000000eab00000)
  object space 44032K, 65% used [0x00000000c0000000,0x00000000c1c2a870,0x00000000c2b00000)
 Metaspace       used 5767K, capacity 7088K, committed 7296K, reserved 1056768K
  class space    used 546K, capacity 616K, committed 640K, reserved 1048576K
}

Deoptimization events (10 events):
Event: 11.333 Thread 0x0000000002722800 Uncommon trap: reason=unstable_if action=reinterpret pc=0x0000000002e88c34 method=com.android.dx.rop.code.BasicBlockList.preferredSuccessorOf(Lcom/android/dx/rop/code/BasicBlock;)Lcom/android/dx/rop/code/BasicBlock; @ 58
Event: 11.857 Thread 0x0000000002722800 Uncommon trap: reason=class_check action=maybe_recompile pc=0x0000000002e68d30 method=com.android.dx.cf.code.RopperMachine.run(Lcom/android/dx/cf/code/Frame;II)V @ 988
Event: 11.897 Thread 0x0000000002722800 Uncommon trap: reason=class_check action=maybe_recompile pc=0x0000000002e68d30 method=com.android.dx.cf.code.RopperMachine.run(Lcom/android/dx/cf/code/Frame;II)V @ 988
Event: 12.072 Thread 0x0000000002722800 Uncommon trap: reason=class_check action=maybe_recompile pc=0x0000000002e68d30 method=com.android.dx.cf.code.RopperMachine.run(Lcom/android/dx/cf/code/Frame;II)V @ 988
Event: 12.543 Thread 0x0000000002722800 Uncommon trap: reason=class_check action=maybe_recompile pc=0x0000000002ed03c4 method=com.android.dx.ssa.SCCP.simulateBranch(Lcom/android/dx/ssa/SsaInsn;)V @ 145
Event: 12.603 Thread 0x0000000002722800 Uncommon trap: reason=class_check action=maybe_recompile pc=0x0000000002ed03c4 method=com.android.dx.ssa.SCCP.simulateBranch(Lcom/android/dx/ssa/SsaInsn;)V @ 145
Event: 12.828 Thread 0x0000000002722800 Uncommon trap: reason=class_check action=maybe_recompile pc=0x0000000002ed03c4 method=com.android.dx.ssa.SCCP.simulateBranch(Lcom/android/dx/ssa/SsaInsn;)V @ 145
Event: 13.500 Thread 0x0000000002722800 Uncommon trap: reason=predicate action=maybe_recompile pc=0x0000000002fd72c4 method=com.android.dx.ssa.DomFront.run()[Lcom/android/dx/ssa/DomFront$DomInfo; @ 175
Event: 13.514 Thread 0x0000000002722800 Uncommon trap: reason=class_check action=maybe_recompile pc=0x0000000002f08fdc method=com.android.dx.ssa.SsaConverter.placePhiFunctions(Lcom/android/dx/ssa/SsaMethod;Lcom/android/dx/ssa/LocalVariableInfo;I)V @ 257
Event: 14.069 Thread 0x0000000002722800 Uncommon trap: reason=null_check action=make_not_entrant pc=0x0000000002d882cc method=com.android.dx.ssa.SsaRenamer.getLocalForNewReg(I)Lcom/android/dx/rop/code/LocalItem; @ 19

Internal exceptions (4 events):
Event: 0.159 Thread 0x0000000002722800 Exception <a 'java/lang/NoSuchMethodError': Method sun.misc.Unsafe.defineClass(Ljava/lang/String;[BII)Ljava/lang/Class; name or signature does not match> (0x00000000eab12f28) thrown at [C:\re\workspace\8-2-build-windows-amd64-cygwin\jdk8u45\3457\hotspot\sr…ƒØÉ
_Ä?
Event: 0.159 Thread 0x0000000002722800 Exception <a 'java/lang/NoSuchMethodError': Method sun.misc.Unsafe.prefetchRead(Ljava/lang/Object;J)V name or signature does not match> (0x00000000eab131b8) thrown at [C:\re\workspace\8-2-build-windows-amd64-cygwin\jdk8u45\3457\hotspot\src\share\vm\prims\jñ&™lŽ@
Event: 5.389 Thread 0x0000000002722800 Implicit null exception at 0x0000000002c76d62 to 0x0000000002c76e52
Event: 14.069 Thread 0x0000000002722800 Implicit null exception at 0x0000000002d87534 to 0x0000000002d882a1

Events (10 events):
Event: 13.714 Executing VM operation: ParallelGCFailedAllocation done
Event: 13.755 Thread 0x0000000002722800 DEOPT PACKING pc=0x0000000002ef98b3 sp=0x000000000236e350
Event: 13.755 Thread 0x0000000002722800 DEOPT UNPACKING pc=0x000000000286787f sp=0x000000000236e0a0 mode 0
Event: 13.968 Thread 0x0000000002722800 DEOPT PACKING pc=0x0000000003113fd8 sp=0x000000000236e390
Event: 13.968 Thread 0x0000000002722800 DEOPT UNPACKING pc=0x000000000286787f sp=0x000000000236e1c0 mode 0
Event: 14.069 Thread 0x0000000002722800 Uncommon trap: trap_request=0xfffffff4 fr.pc=0x0000000002d882cc
Event: 14.069 Thread 0x0000000002722800 DEOPT PACKING pc=0x0000000002d882cc sp=0x000000000236e3b0
Event: 14.069 Thread 0x0000000002722800 DEOPT UNPACKING pc=0x000000000286582a sp=0x000000000236e208 mode 2
Event: 14.875 Thread 0x0000000002722800 DEOPT PACKING pc=0x0000000002d5283d sp=0x000000000236e470
Event: 14.875 Thread 0x0000000002722800 DEOPT UNPACKING pc=0x000000000286787f sp=0x000000000236e1a8 mode 0


Dynamic libraries:
0x000007f71f650000 - 0x000007f71f687000 	C:\PROGRA~1\Java\JRE18~1.0_4\bin\java.exe
0x000007fd1ca10000 - 0x000007fd1cbcd000 	C:\Windows\SYSTEM32\ntdll.dll
0x000007fd1abb0000 - 0x000007fd1ace7000 	C:\Windows\system32\KERNEL32.DLL
0x000007fd19ce0000 - 0x000007fd19dd4000 	C:\Windows\system32\KERNELBASE.dll
0x000007fd1b0f0000 - 0x000007fd1b1ce000 	C:\Windows\system32\ADVAPI32.dll
0x000007fd1a840000 - 0x000007fd1a98c000 	C:\Windows\system32\USER32.dll
0x000007fd174a0000 - 0x000007fd1770a000 	C:\Windows\WinSxS\amd64_microsoft.windows.common-controls_6595b64144ccf1df_6.0.9200.17321_none_41866eeb718ed8b9\COMCTL32.dll
0x000007fd19de0000 - 0x000007fd19e85000 	C:\Windows\system32\msvcrt.dll
0x000007fd1ab60000 - 0x000007fd1aba8000 	C:\Windows\SYSTEM32\sechost.dll
0x000007fd1a380000 - 0x000007fd1a4c5000 	C:\Windows\system32\RPCRT4.dll
0x000007fd1c8b0000 - 0x000007fd1c9f1000 	C:\Windows\system32\GDI32.dll
0x000007fd1ada0000 - 0x000007fd1add9000 	C:\Windows\system32\IMM32.DLL
0x000007fd1a660000 - 0x000007fd1a775000 	C:\Windows\system32\MSCTF.dll
0x0000000073560000 - 0x0000000073632000 	C:\PROGRA~1\Java\JRE18~1.0_4\bin\msvcr100.dll
0x0000000072cd0000 - 0x0000000073553000 	C:\PROGRA~1\Java\JRE18~1.0_4\bin\server\jvm.dll
0x000007fd122a0000 - 0x000007fd122a9000 	C:\Windows\SYSTEM32\WSOCK32.dll
0x000007fd13240000 - 0x000007fd13260000 	C:\Windows\SYSTEM32\WINMM.dll
0x000007fd12b30000 - 0x000007fd12b39000 	C:\Windows\SYSTEM32\VERSION.dll
0x000007fd1ade0000 - 0x000007fd1ade7000 	C:\Windows\system32\PSAPI.DLL
0x000007fd1a780000 - 0x000007fd1a7d8000 	C:\Windows\system32\WS2_32.dll
0x000007fd13200000 - 0x000007fd13233000 	C:\Windows\SYSTEM32\WINMMBASE.dll
0x000007fd1ca00000 - 0x000007fd1ca09000 	C:\Windows\system32\NSI.dll
0x000007fd19c90000 - 0x000007fd19cdf000 	C:\Windows\SYSTEM32\cfgmgr32.dll
0x000007fd19c40000 - 0x000007fd19c62000 	C:\Windows\system32\DEVOBJ.dll
0x0000000072cc0000 - 0x0000000072ccf000 	C:\PROGRA~1\Java\JRE18~1.0_4\bin\verify.dll
0x0000000072c90000 - 0x0000000072cb9000 	C:\PROGRA~1\Java\JRE18~1.0_4\bin\java.dll
0x0000000072c70000 - 0x0000000072c86000 	C:\PROGRA~1\Java\JRE18~1.0_4\bin\zip.dll
0x000007fd1b380000 - 0x000007fd1c665000 	C:\Windows\system32\SHELL32.dll
0x000007fd1b1d0000 - 0x000007fd1b380000 	C:\Windows\SYSTEM32\combase.dll
0x000007fd1a7f0000 - 0x000007fd1a840000 	C:\Windows\system32\SHLWAPI.dll
0x000007fd17c10000 - 0x000007fd17ca6000 	C:\Windows\SYSTEM32\SHCORE.dll
0x000007fd19910000 - 0x000007fd19925000 	C:\Windows\system32\profapi.dll
0x000007fcfcec0000 - 0x000007fcfd023000 	C:\Windows\SYSTEM32\dbghelp.dll

VM Arguments:
jvm_args: -Xmx1024M -Xss1m -Djava.ext.dirs=C:\Users\Molham\AppData\Local\Android\sdk\build-tools\22.0.0\lib 
java_command: C:\Users\Molham\AppData\Local\Android\sdk\build-tools\22.0.0\lib\dx.jar --dex --output C:\Users\Molham\AndroidStudioProjects\PattyBurger\app\build\intermediates\pre-dexed\debug\classes-cdcf8732b7aa814e64b8655eb0c5b9c605dd6fd2.jar C:\Users\Molham\AndroidStudioProjects\PattyBurger\app\build\intermediates\exploded-aar\com.google.android.gms\play-services-games\7.0.0\classes.jar
java_class_path (initial): C:\Users\Molham\AppData\Local\Android\sdk\build-tools\22.0.0\lib\dx.jar
Launcher Type: SUN_STANDARD

Environment Variables:
PATH=C:\ProgramData\Oracle\Java\javapath;C:\Python27\;C:\Python27\Scripts;C:\Program Files\Java\jdk1.7.0_45\bin;C:\Windows\system32;C:\Windows;C:\Windows\System32\Wbem;C:\Windows\System32\WindowsPowerShell\v1.0\;C:\Program Files (x86)\Windows Live\Shared;C:\Program Files (x86)\Microsoft SQL Server\100\Tools\Binn\;C:\Program Files\Microsoft SQL Server\100\Tools\Binn\;C:\Program Files\Microsoft SQL Server\100\DTS\Binn\;C:\Program Files\Microsoft\Web Platform Installer\;C:\Program Files (x86)\Microsoft ASP.NET\ASP.NET Web Pages\v1.0\;C:\Program Files\Microsoft SQL Server\110\Tools\Binn\;C:\Program Files (x86)\SMLNJ\bin\;C:\Program Files (x86)\Microsoft SQL Server\100\Tools\Binn\VSShell\Common7\IDE\;C:\Program Files (x86)\Microsoft SQL Server\100\DTS\Binn\;C:\Program Files (x86)\Common Files\lenovo\easyplussdk\bin;C:\Program Files (x86)\Heroku\bin;C:\Program Files (x86)\git\cmd;C:\Program Files (x86)\Windows Kits\8.1\Windows Performance Toolkit\;C:\Program Files (x86)\Microsoft SDKs\TypeScript\1.0\;C:\Users\Molham\AppData\Roaming\Python\Scripts
USERNAME=Molham
OS=Windows_NT
PROCESSOR_IDENTIFIER=Intel64 Family 6 Model 42 Stepping 7, GenuineIntel



---------------  S Y S T E M  ---------------

OS: Windows 8 , 64 bit Build 9200 (6.2.9200.16859)

CPU:total 4 (2 cores per cpu, 2 threads per core) family 6 model 42 stepping 7, cmov, cx8, fxsr, mmx, sse, sse2, sse3, ssse3, sse4.1, sse4.2, popcnt, avx, clmul, ht, tsc, tscinvbit

Memory: 4k page, physical 4140908k(354604k free), swap 7428664k(221596k free)

vm_info: Java HotSpot(TM) 64-Bit Server VM (25.45-b02) for windows-amd64 JRE (1.8.0_45-b14), built on Apr 10 2015 10:34:15 by "java_re" with MS VC++ 10.0 (VS2010)

time: Sat Jul 11 17:02:19 2015
elapsed time: 15 seconds (0d 0h 0m 15s)

