#
# A fatal error has been detected by the Java Runtime Environment:
#
#  Internal Error (virtualspace.cpp:114), pid=1240, tid=4052
#  fatal error: os::release_memory failed
#
# JRE version:  (7.0_45-b18) (build )
# Java VM: Java HotSpot(TM) Client VM (24.45-b08 mixed mode windows-x86 )
# Failed to write core dump. Minidumps are not enabled by default on client versions of Windows
#
# If you would like to submit a bug report, please visit:
#   http://bugreport.sun.com/bugreport/crash.jsp
#

---------------  T H R E A D  ---------------

Current thread (0x01f0c000):  JavaThread "Unknown thread" [_thread_in_vm, id=4052, stack(0x00650000,0x006a0000)]

Stack: [0x00650000,0x006a0000],  sp=0x0069f1cc,  free space=316k
Native frames: (J=compiled Java code, j=interpreted, Vv=VM code, C=native code)
V  [jvm.dll+0x18df51]
V  [jvm.dll+0x187cc6]
V  [jvm.dll+0x1640bc]
V  [jvm.dll+0x16459b]
V  [jvm.dll+0x89a16]
V  [jvm.dll+0x874e6]
V  [jvm.dll+0x861f2]
V  [jvm.dll+0x905c3]
V  [jvm.dll+0x13dab4]
V  [jvm.dll+0x1605fc]
V  [jvm.dll+0xc8ebf]
C  [java.exe+0x13c1]
C  [java.exe+0x1e33]
C  [java.exe+0xa591]
C  [java.exe+0xa61b]
C  [KERNEL32.DLL+0x286e3]
C  [ntdll.dll+0x5bce9]
C  [ntdll.dll+0x5bcbc]


---------------  P R O C E S S  ---------------

Java Threads: ( => current thread )

Other Threads:

=>0x01f0c000 (exited) JavaThread "Unknown thread" [_thread_in_vm, id=4052, stack(0x00650000,0x006a0000)]

VM state:not at safepoint (not fully initialized)

VM Mutex/Monitor currently owned by a thread: None

GC Heap History (0 events):
No events

Deoptimization events (0 events):
No events

Internal exceptions (0 events):
No events

Events (0 events):
No events


Dynamic libraries:
0x00a10000 - 0x00a3f000 	C:\Program Files (x86)\Java\jre7\bin\java.exe
0x77290000 - 0x773e8000 	C:\Windows\SYSTEM32\ntdll.dll
0x76480000 - 0x765b0000 	C:\Windows\SYSTEM32\KERNEL32.DLL
0x76810000 - 0x768b7000 	C:\Windows\SYSTEM32\KERNELBASE.dll
0x74300000 - 0x743a8000 	C:\Windows\system32\apphelp.dll
0x75f80000 - 0x7602e000 	C:\Windows\SYSTEM32\ADVAPI32.dll
0x76bc0000 - 0x76cd6000 	C:\Windows\SYSTEM32\USER32.dll
0x73990000 - 0x73b88000 	C:\Windows\WinSxS\x86_microsoft.windows.common-controls_6595b64144ccf1df_6.0.9200.17321_none_8933a5c2860b01bf\COMCTL32.dll
0x76080000 - 0x76131000 	C:\Windows\SYSTEM32\msvcrt.dll
0x76030000 - 0x76064000 	C:\Windows\SYSTEM32\sechost.dll
0x763d0000 - 0x7647c000 	C:\Windows\SYSTEM32\RPCRT4.dll
0x76ce0000 - 0x76ddd000 	C:\Windows\SYSTEM32\GDI32.dll
0x74880000 - 0x7489d000 	C:\Windows\SYSTEM32\SspiCli.dll
0x74870000 - 0x74879000 	C:\Windows\SYSTEM32\CRYPTBASE.dll
0x74810000 - 0x74861000 	C:\Windows\SYSTEM32\bcryptPrimitives.dll
0x76de0000 - 0x76e00000 	C:\Windows\system32\IMM32.DLL
0x769a0000 - 0x76a7d000 	C:\Windows\SYSTEM32\MSCTF.dll
0x61100000 - 0x611bf000 	C:\Program Files (x86)\Java\jre7\bin\msvcr100.dll
0x5ee30000 - 0x5f1b0000 	C:\Program Files (x86)\Java\jre7\bin\client\jvm.dll
0x712c0000 - 0x712c8000 	C:\Windows\SYSTEM32\WSOCK32.dll
0x6ee50000 - 0x6ee71000 	C:\Windows\SYSTEM32\WINMM.dll
0x76070000 - 0x76076000 	C:\Windows\SYSTEM32\PSAPI.DLL
0x74940000 - 0x74990000 	C:\Windows\SYSTEM32\WS2_32.dll
0x6ede0000 - 0x6ee0b000 	C:\Windows\SYSTEM32\WINMMBASE.dll
0x76a90000 - 0x76a98000 	C:\Windows\SYSTEM32\NSI.dll
0x76950000 - 0x76996000 	C:\Windows\SYSTEM32\cfgmgr32.dll
0x75e10000 - 0x75e2e000 	C:\Windows\SYSTEM32\DEVOBJ.dll
0x67c80000 - 0x67c8c000 	C:\Program Files (x86)\Java\jre7\bin\verify.dll
0x67b30000 - 0x67b50000 	C:\Program Files (x86)\Java\jre7\bin\java.dll
0x67b10000 - 0x67b23000 	C:\Program Files (x86)\Java\jre7\bin\zip.dll
0x74140000 - 0x74269000 	C:\Windows\SYSTEM32\dbghelp.dll

VM Arguments:
java_command: <unknown>
Launcher Type: SUN_STANDARD

Environment Variables:
PATH=C:\ProgramData\Oracle\Java\javapath;C:\Python27\;C:\Python27\Scripts;C:\Program Files\Java\jdk1.7.0_45\bin;C:\Windows\system32;C:\Windows;C:\Windows\System32\Wbem;C:\Windows\System32\WindowsPowerShell\v1.0\;C:\Program Files (x86)\Windows Live\Shared;C:\Program Files (x86)\Microsoft SQL Server\100\Tools\Binn\;C:\Program Files\Microsoft SQL Server\100\Tools\Binn\;C:\Program Files\Microsoft SQL Server\100\DTS\Binn\;C:\Program Files\Microsoft\Web Platform Installer\;C:\Program Files (x86)\Microsoft ASP.NET\ASP.NET Web Pages\v1.0\;C:\Program Files\Microsoft SQL Server\110\Tools\Binn\;C:\Program Files (x86)\SMLNJ\bin\;C:\Program Files (x86)\Microsoft SQL Server\100\Tools\Binn\VSShell\Common7\IDE\;C:\Program Files (x86)\Microsoft SQL Server\100\DTS\Binn\;C:\Program Files (x86)\Common Files\lenovo\easyplussdk\bin;C:\Program Files (x86)\Heroku\bin;C:\Program Files (x86)\git\cmd;C:\Program Files (x86)\Windows Kits\8.1\Windows Performance Toolkit\;C:\Program Files (x86)\Microsoft SDKs\TypeScript\1.0\;C:\Users\Molham\AppData\Roaming\Python\Scripts
USERNAME=Molham
OS=Windows_NT
PROCESSOR_IDENTIFIER=Intel64 Family 6 Model 42 Stepping 7, GenuineIntel



---------------  S Y S T E M  ---------------

OS: Windows 8 , 64 bit Build 9200 

CPU:total 4 (2 cores per cpu, 2 threads per core) family 6 model 42 stepping 7, cmov, cx8, fxsr, mmx, sse, sse2, sse3, ssse3, sse4.1, sse4.2, popcnt, avx, ht, tsc, tscinvbit

Memory: 4k page, physical 4140908k(430980k free), swap 7428664k(6164k free)

vm_info: Java HotSpot(TM) Client VM (24.45-b08) for windows-x86 JRE (1.7.0_45-b18), built on Oct  8 2013 06:02:43 by "java_re" with unknown MS VC++:1600

time: Wed Jul 08 20:43:07 2015
elapsed time: 1 seconds

