#
# There is insufficient memory for the Java Runtime Environment to continue.
# Native memory allocation (malloc) failed to allocate 49504 bytes for Chunk::new
# Possible reasons:
#   The system is out of physical RAM or swap space
#   In 32 bit mode, the process size limit was hit
# Possible solutions:
#   Reduce memory load on the system
#   Increase physical memory or swap space
#   Check if swap backing store is full
#   Use 64 bit Java on a 64 bit OS
#   Decrease Java heap size (-Xmx/-Xms)
#   Decrease number of Java threads
#   Decrease Java thread stack sizes (-Xss)
#   Set larger code cache with -XX:ReservedCodeCacheSize=
# This output file may be truncated or incomplete.
#
#  Out of Memory Error (allocation.cpp:390), pid=3460, tid=2476
#
# JRE version: Java(TM) SE Runtime Environment (8.0_45-b14) (build 1.8.0_45-b14)
# Java VM: Java HotSpot(TM) 64-Bit Server VM (25.45-b02 mixed mode windows-amd64 compressed oops)
# Failed to write core dump. Minidumps are not enabled by default on client versions of Windows
#

---------------  T H R E A D  ---------------

Current thread (0x00000000151bc800):  JavaThread "C2 CompilerThread0" daemon [_thread_in_native, id=2476, stack(0x0000000016720000,0x0000000016820000)]

Stack: [0x0000000016720000,0x0000000016820000]
Native frames: (J=compiled Java code, j=interpreted, Vv=VM code, C=native code)
V  [jvm.dll+0x32b57a]
V  [jvm.dll+0x279873]
V  [jvm.dll+0x27a509]
V  [jvm.dll+0x271825]
V  [jvm.dll+0xcb9e2]
V  [jvm.dll+0xcbeac]
V  [jvm.dll+0x4b70c5]
V  [jvm.dll+0x4b931e]
V  [jvm.dll+0x46b6b5]
V  [jvm.dll+0x46ccbe]
V  [jvm.dll+0x4500f2]
V  [jvm.dll+0xa4352]
V  [jvm.dll+0xa4c8f]
V  [jvm.dll+0x241984]
V  [jvm.dll+0x29853a]
C  [msvcr100.dll+0x21d9f]
C  [msvcr100.dll+0x21e3b]
C  [KERNEL32.DLL+0x1842]
C  [ntdll.dll+0x302a9]


Current CompileTask:
C2:  13622 1785       4       com.android.dx.rop.code.LocalVariableExtractor::processBlock (327 bytes)


---------------  P R O C E S S  ---------------

Java Threads: ( => current thread )
  0x0000000015209800 JavaThread "Service Thread" daemon [_thread_blocked, id=8792, stack(0x0000000016e20000,0x0000000016f20000)]
  0x00000000151c3000 JavaThread "C1 CompilerThread2" daemon [_thread_blocked, id=4120, stack(0x0000000016920000,0x0000000016a20000)]
  0x00000000151bf800 JavaThread "C2 CompilerThread1" daemon [_thread_in_native, id=2664, stack(0x0000000016820000,0x0000000016920000)]
=>0x00000000151bc800 JavaThread "C2 CompilerThread0" daemon [_thread_in_native, id=2476, stack(0x0000000016720000,0x0000000016820000)]
  0x00000000151b8000 JavaThread "Attach Listener" daemon [_thread_blocked, id=6220, stack(0x0000000016620000,0x0000000016720000)]
  0x00000000151a8000 JavaThread "Signal Dispatcher" daemon [_thread_blocked, id=1016, stack(0x0000000016520000,0x0000000016620000)]
  0x0000000002ad6800 JavaThread "Finalizer" daemon [_thread_blocked, id=516, stack(0x0000000016420000,0x0000000016520000)]
  0x0000000002ace000 JavaThread "Reference Handler" daemon [_thread_blocked, id=5064, stack(0x0000000016320000,0x0000000016420000)]
  0x00000000029e2800 JavaThread "main" [_thread_blocked, id=6660, stack(0x0000000002600000,0x0000000002700000)]

Other Threads:
  0x0000000015177800 VMThread [stack: 0x0000000016220000,0x0000000016320000] [id=6460]
  0x000000001520c000 WatcherThread [stack: 0x0000000016f20000,0x0000000017020000] [id=9008]

VM state:at safepoint (normal execution)

VM Mutex/Monitor currently owned by a thread:  ([mutex/lock_event])
[0x00000000025fc7a0] Threads_lock - owner thread: 0x0000000015177800
[0x00000000025fd1a0] Heap_lock - owner thread: 0x00000000029e2800

Heap:
 PSYoungGen      total 141824K, used 17912K [0x00000000eab00000, 0x00000000f4b00000, 0x0000000100000000)
  eden space 123904K, 0% used [0x00000000eab00000,0x00000000eab00000,0x00000000f2400000)
  from space 17920K, 99% used [0x00000000f2400000,0x00000000f357e1f8,0x00000000f3580000)
  to   space 13824K, 0% used [0x00000000f3580000,0x00000000f3580000,0x00000000f4300000)
 ParOldGen       total 44032K, used 42507K [0x00000000c0000000, 0x00000000c2b00000, 0x00000000eab00000)
  object space 44032K, 96% used [0x00000000c0000000,0x00000000c2982d00,0x00000000c2b00000)
 Metaspace       used 5910K, capacity 7152K, committed 7296K, reserved 1056768K
  class space    used 570K, capacity 616K, committed 640K, reserved 1048576K

Card table byte_map: [0x0000000011ea0000,0x00000000120b0000] byte_map_base: 0x00000000118a0000

Marking Bits: (ParMarkBitMap*) 0x0000000073244040
 Begin Bits: [0x0000000012610000, 0x0000000013610000)
 End Bits:   [0x0000000013610000, 0x0000000014610000)

Polling page: 0x0000000000b30000

CodeCache: size=245760Kb used=8527Kb max_used=8527Kb free=237232Kb
 bounds [0x0000000002ae0000, 0x0000000003340000, 0x0000000011ae0000]
 total_blobs=2136 nmethods=1871 adapters=178
 compilation: enabled

Compilation events (10 events):
Event: 11.519 Thread 0x00000000151c3000 1891       2       com.android.dx.ssa.NormalSsaInsn::changeOneSource (120 bytes)
Event: 11.521 Thread 0x00000000151c3000 nmethod 1891 0x00000000032d0910 code [0x00000000032d0b20, 0x00000000032d1298]
Event: 11.526 Thread 0x00000000151c3000 1892       2       com.android.dx.ssa.back.RegisterAllocator::insertMoveBefore (240 bytes)
Event: 11.529 Thread 0x00000000151c3000 nmethod 1892 0x00000000032cde90 code [0x00000000032ce1a0, 0x00000000032cf168]
Event: 11.541 Thread 0x00000000151c3000 1893 %     3       com.android.dx.dex.file.AnnotationUtils::makeSignature @ 65 (251 bytes)
Event: 11.546 Thread 0x00000000151c3000 nmethod 1893% 0x000000000330cc50 code [0x000000000330d0c0, 0x000000000330fce8]
Event: 11.585 Thread 0x00000000151c3000 1895       2       com.android.dx.rop.code.SwitchInsn::withNewRegisters (22 bytes)
Event: 11.585 Thread 0x00000000151c3000 nmethod 1895 0x00000000032cda50 code [0x00000000032cdbc0, 0x00000000032cdda8]
Event: 11.640 Thread 0x00000000151c3000 1897       2       com.android.dx.cf.code.Simulator::requiredArrayTypeFor (61 bytes)
Event: 11.640 Thread 0x00000000151c3000 nmethod 1897 0x00000000032cd310 code [0x00000000032cd4c0, 0x00000000032cd7b8]

GC Heap History (10 events):
Event: 7.398 GC heap before
{Heap before GC invocations=4 (full 0):
 PSYoungGen      total 18944K, used 18927K [0x00000000eab00000, 0x00000000ed000000, 0x0000000100000000)
  eden space 16384K, 100% used [0x00000000eab00000,0x00000000ebb00000,0x00000000ebb00000)
  from space 2560K, 99% used [0x00000000ebb00000,0x00000000ebd7be08,0x00000000ebd80000)
  to   space 2560K, 0% used [0x00000000ecd80000,0x00000000ecd80000,0x00000000ed000000)
 ParOldGen       total 44032K, used 7122K [0x00000000c0000000, 0x00000000c2b00000, 0x00000000eab00000)
  object space 44032K, 16% used [0x00000000c0000000,0x00000000c06f4848,0x00000000c2b00000)
 Metaspace       used 5685K, capacity 7088K, committed 7296K, reserved 1056768K
  class space    used 550K, capacity 616K, committed 640K, reserved 1048576K
Event: 7.420 GC heap after
Heap after GC invocations=4 (full 0):
 PSYoungGen      total 35328K, used 2544K [0x00000000eab00000, 0x00000000ed000000, 0x0000000100000000)
  eden space 32768K, 0% used [0x00000000eab00000,0x00000000eab00000,0x00000000ecb00000)
  from space 2560K, 99% used [0x00000000ecd80000,0x00000000ecffc2c8,0x00000000ed000000)
  to   space 2560K, 0% used [0x00000000ecb00000,0x00000000ecb00000,0x00000000ecd80000)
 ParOldGen       total 44032K, used 9344K [0x00000000c0000000, 0x00000000c2b00000, 0x00000000eab00000)
  object space 44032K, 21% used [0x00000000c0000000,0x00000000c09201e8,0x00000000c2b00000)
 Metaspace       used 5685K, capacity 7088K, committed 7296K, reserved 1056768K
  class space    used 550K, capacity 616K, committed 640K, reserved 1048576K
}
Event: 8.152 GC heap before
{Heap before GC invocations=5 (full 0):
 PSYoungGen      total 35328K, used 35312K [0x00000000eab00000, 0x00000000ed000000, 0x0000000100000000)
  eden space 32768K, 100% used [0x00000000eab00000,0x00000000ecb00000,0x00000000ecb00000)
  from space 2560K, 99% used [0x00000000ecd80000,0x00000000ecffc2c8,0x00000000ed000000)
  to   space 2560K, 0% used [0x00000000ecb00000,0x00000000ecb00000,0x00000000ecd80000)
 ParOldGen       total 44032K, used 9344K [0x00000000c0000000, 0x00000000c2b00000, 0x00000000eab00000)
  object space 44032K, 21% used [0x00000000c0000000,0x00000000c09201e8,0x00000000c2b00000)
 Metaspace       used 5722K, capacity 7088K, committed 7296K, reserved 1056768K
  class space    used 550K, capacity 616K, committed 640K, reserved 1048576K
Event: 8.186 GC heap after
Heap after GC invocations=5 (full 0):
 PSYoungGen      total 35328K, used 2544K [0x00000000eab00000, 0x00000000ef900000, 0x0000000100000000)
  eden space 32768K, 0% used [0x00000000eab00000,0x00000000eab00000,0x00000000ecb00000)
  from space 2560K, 99% used [0x00000000ecb00000,0x00000000ecd7c2b0,0x00000000ecd80000)
  to   space 7168K, 0% used [0x00000000ef200000,0x00000000ef200000,0x00000000ef900000)
 ParOldGen       total 44032K, used 14382K [0x00000000c0000000, 0x00000000c2b00000, 0x00000000eab00000)
  object space 44032K, 32% used [0x00000000c0000000,0x00000000c0e0b8c8,0x00000000c2b00000)
 Metaspace       used 5722K, capacity 7088K, committed 7296K, reserved 1056768K
  class space    used 550K, capacity 616K, committed 640K, reserved 1048576K
}
Event: 8.961 GC heap before
{Heap before GC invocations=6 (full 0):
 PSYoungGen      total 35328K, used 35312K [0x00000000eab00000, 0x00000000ef900000, 0x0000000100000000)
  eden space 32768K, 100% used [0x00000000eab00000,0x00000000ecb00000,0x00000000ecb00000)
  from space 2560K, 99% used [0x00000000ecb00000,0x00000000ecd7c2b0,0x00000000ecd80000)
  to   space 7168K, 0% used [0x00000000ef200000,0x00000000ef200000,0x00000000ef900000)
 ParOldGen       total 44032K, used 14382K [0x00000000c0000000, 0x00000000c2b00000, 0x00000000eab00000)
  object space 44032K, 32% used [0x00000000c0000000,0x00000000c0e0b8c8,0x00000000c2b00000)
 Metaspace       used 5751K, capacity 7088K, committed 7296K, reserved 1056768K
  class space    used 551K, capacity 616K, committed 640K, reserved 1048576K
Event: 9.001 GC heap after
Heap after GC invocations=6 (full 0):
 PSYoungGen      total 71168K, used 7155K [0x00000000eab00000, 0x00000000efc00000, 0x0000000100000000)
  eden space 64000K, 0% used [0x00000000eab00000,0x00000000eab00000,0x00000000ee980000)
  from space 7168K, 99% used [0x00000000ef200000,0x00000000ef8fcf60,0x00000000ef900000)
  to   space 8704K, 0% used [0x00000000ee980000,0x00000000ee980000,0x00000000ef200000)
 ParOldGen       total 44032K, used 15384K [0x00000000c0000000, 0x00000000c2b00000, 0x00000000eab00000)
  object space 44032K, 34% used [0x00000000c0000000,0x00000000c0f06200,0x00000000c2b00000)
 Metaspace       used 5751K, capacity 7088K, committed 7296K, reserved 1056768K
  class space    used 551K, capacity 616K, committed 640K, reserved 1048576K
}
Event: 10.152 GC heap before
{Heap before GC invocations=7 (full 0):
 PSYoungGen      total 71168K, used 71155K [0x00000000eab00000, 0x00000000efc00000, 0x0000000100000000)
  eden space 64000K, 100% used [0x00000000eab00000,0x00000000ee980000,0x00000000ee980000)
  from space 7168K, 99% used [0x00000000ef200000,0x00000000ef8fcf60,0x00000000ef900000)
  to   space 8704K, 0% used [0x00000000ee980000,0x00000000ee980000,0x00000000ef200000)
 ParOldGen       total 44032K, used 15384K [0x00000000c0000000, 0x00000000c2b00000, 0x00000000eab00000)
  object space 44032K, 34% used [0x00000000c0000000,0x00000000c0f06200,0x00000000c2b00000)
 Metaspace       used 5792K, capacity 7152K, committed 7296K, reserved 1056768K
  class space    used 551K, capacity 616K, committed 640K, reserved 1048576K
Event: 10.237 GC heap after
Heap after GC invocations=7 (full 0):
 PSYoungGen      total 72704K, used 8691K [0x00000000eab00000, 0x00000000f4300000, 0x0000000100000000)
  eden space 64000K, 0% used [0x00000000eab00000,0x00000000eab00000,0x00000000ee980000)
  from space 8704K, 99% used [0x00000000ee980000,0x00000000ef1fcc60,0x00000000ef200000)
  to   space 13824K, 0% used [0x00000000f3580000,0x00000000f3580000,0x00000000f4300000)
 ParOldGen       total 44032K, used 23233K [0x00000000c0000000, 0x00000000c2b00000, 0x00000000eab00000)
  object space 44032K, 52% used [0x00000000c0000000,0x00000000c16b04b8,0x00000000c2b00000)
 Metaspace       used 5792K, capacity 7152K, committed 7296K, reserved 1056768K
  class space    used 551K, capacity 616K, committed 640K, reserved 1048576K
}
Event: 11.086 GC heap before
{Heap before GC invocations=8 (full 0):
 PSYoungGen      total 72704K, used 72691K [0x00000000eab00000, 0x00000000f4300000, 0x0000000100000000)
  eden space 64000K, 100% used [0x00000000eab00000,0x00000000ee980000,0x00000000ee980000)
  from space 8704K, 99% used [0x00000000ee980000,0x00000000ef1fcc60,0x00000000ef200000)
  to   space 13824K, 0% used [0x00000000f3580000,0x00000000f3580000,0x00000000f4300000)
 ParOldGen       total 44032K, used 23233K [0x00000000c0000000, 0x00000000c2b00000, 0x00000000eab00000)
  object space 44032K, 52% used [0x00000000c0000000,0x00000000c16b04b8,0x00000000c2b00000)
 Metaspace       used 5799K, capacity 7152K, committed 7296K, reserved 1056768K
  class space    used 551K, capacity 616K, committed 640K, reserved 1048576K
Event: 11.133 GC heap after
Heap after GC invocations=8 (full 0):
 PSYoungGen      total 137728K, used 13807K [0x00000000eab00000, 0x00000000f4b00000, 0x0000000100000000)
  eden space 123904K, 0% used [0x00000000eab00000,0x00000000eab00000,0x00000000f2400000)
  from space 13824K, 99% used [0x00000000f3580000,0x00000000f42fbf98,0x00000000f4300000)
  to   space 17920K, 0% used [0x00000000f2400000,0x00000000f2400000,0x00000000f3580000)
 ParOldGen       total 44032K, used 28094K [0x00000000c0000000, 0x00000000c2b00000, 0x00000000eab00000)
  object space 44032K, 63% used [0x00000000c0000000,0x00000000c1b6fbf0,0x00000000c2b00000)
 Metaspace       used 5799K, capacity 7152K, committed 7296K, reserved 1056768K
  class space    used 551K, capacity 616K, committed 640K, reserved 1048576K
}

Deoptimization events (10 events):
Event: 9.489 Thread 0x00000000029e2800 Uncommon trap: reason=unstable_if action=reinterpret pc=0x00000000030c8a94 method=com.android.dx.ssa.MoveParamCombiner$1.visitNonMoveInsn(Lcom/android/dx/ssa/NormalSsaInsn;)V @ 27
Event: 9.540 Thread 0x00000000029e2800 Uncommon trap: reason=bimorphic action=maybe_recompile pc=0x0000000003205be8 method=com.android.dx.cf.code.BytecodeArray.parseInstruction(ILcom/android/dx/cf/code/BytecodeArray$Visitor;)I @ 1501
Event: 9.540 Thread 0x00000000029e2800 Uncommon trap: reason=bimorphic action=maybe_recompile pc=0x0000000003205948 method=com.android.dx.cf.code.BytecodeArray.parseInstruction(ILcom/android/dx/cf/code/BytecodeArray$Visitor;)I @ 2135
Event: 9.540 Thread 0x00000000029e2800 Uncommon trap: reason=bimorphic action=maybe_recompile pc=0x0000000003205be8 method=com.android.dx.cf.code.BytecodeArray.parseInstruction(ILcom/android/dx/cf/code/BytecodeArray$Visitor;)I @ 1501
Event: 9.541 Thread 0x00000000029e2800 Uncommon trap: reason=bimorphic action=maybe_recompile pc=0x0000000003205948 method=com.android.dx.cf.code.BytecodeArray.parseInstruction(ILcom/android/dx/cf/code/BytecodeArray$Visitor;)I @ 2135
Event: 9.554 Thread 0x00000000029e2800 Uncommon trap: reason=unstable_if action=reinterpret pc=0x000000000318a8a4 method=com.android.dx.ssa.SCCP.simulateStmt(Lcom/android/dx/ssa/SsaInsn;)V @ 59
Event: 10.560 Thread 0x00000000029e2800 Uncommon trap: reason=class_check action=maybe_recompile pc=0x00000000030c0200 method=java.util.HashMap.putVal(ILjava/lang/Object;Ljava/lang/Object;ZZ)Ljava/lang/Object; @ 203
Event: 11.071 Thread 0x00000000029e2800 Uncommon trap: reason=class_check action=maybe_recompile pc=0x00000000030c0200 method=java.util.HashMap.putVal(ILjava/lang/Object;Ljava/lang/Object;ZZ)Ljava/lang/Object; @ 203
Event: 11.197 Thread 0x00000000029e2800 Uncommon trap: reason=bimorphic action=maybe_recompile pc=0x00000000032742f8 method=com.android.dx.cf.code.BytecodeArray.parseInstruction(ILcom/android/dx/cf/code/BytecodeArray$Visitor;)I @ 1130
Event: 11.197 Thread 0x00000000029e2800 Uncommon trap: reason=bimorphic action=maybe_recompile pc=0x00000000032742f8 method=com.android.dx.cf.code.BytecodeArray.parseInstruction(ILcom/android/dx/cf/code/BytecodeArray$Visitor;)I @ 1130

Internal exceptions (4 events):
Event: 3.369 Thread 0x00000000029e2800 Exception <a 'java/lang/NoSuchMethodError': Method sun.misc.Unsafe.defineClass(Ljava/lang/String;[BII)Ljava/lang/Class; name or signature does not match> (0x00000000eab12f28) thrown at [C:\re\workspace\8-2-build-windows-amd64-cygwin\jdk8u45\3457\hotspot\srý^Ãó
@
Event: 3.369 Thread 0x00000000029e2800 Exception <a 'java/lang/NoSuchMethodError': Method sun.misc.Unsafe.prefetchRead(Ljava/lang/Object;J)V name or signature does not match> (0x00000000eab131b8) thrown at [C:\re\workspace\8-2-build-windows-amd64-cygwin\jdk8u45\3457\hotspot\src\share\vm\prims\jÒ¤–|%@
Event: 7.037 Thread 0x00000000029e2800 Implicit null exception at 0x0000000002e57ea2 to 0x0000000002e57f92
Event: 8.924 Thread 0x00000000029e2800 Implicit null exception at 0x00000000030e56d3 to 0x00000000030e6861

Events (10 events):
Event: 11.071 Thread 0x00000000029e2800 DEOPT PACKING pc=0x00000000030c0200 sp=0x00000000026fe410
Event: 11.071 Thread 0x00000000029e2800 DEOPT UNPACKING pc=0x0000000002b2582a sp=0x00000000026fe398 mode 2
Event: 11.086 Executing VM operation: ParallelGCFailedAllocation
Event: 11.133 Executing VM operation: ParallelGCFailedAllocation done
Event: 11.197 Thread 0x00000000029e2800 Uncommon trap: trap_request=0xffffffc6 fr.pc=0x00000000032742f8
Event: 11.197 Thread 0x00000000029e2800 DEOPT PACKING pc=0x00000000032742f8 sp=0x00000000026fe440
Event: 11.197 Thread 0x00000000029e2800 DEOPT UNPACKING pc=0x0000000002b2582a sp=0x00000000026fe408 mode 2
Event: 11.197 Thread 0x00000000029e2800 Uncommon trap: trap_request=0xffffffc6 fr.pc=0x00000000032742f8
Event: 11.198 Thread 0x00000000029e2800 DEOPT PACKING pc=0x00000000032742f8 sp=0x00000000026fe2a0
Event: 11.198 Thread 0x00000000029e2800 DEOPT UNPACKING pc=0x0000000002b2582a sp=0x00000000026fe268 mode 2


Dynamic libraries:
0x000007f78ed20000 - 0x000007f78ed57000 	C:\PROGRA~3\Oracle\Java\javapath\java.exe
0x000007fd1ca10000 - 0x000007fd1cbcd000 	C:\Windows\SYSTEM32\ntdll.dll
0x000007fd1abb0000 - 0x000007fd1ace7000 	C:\Windows\system32\KERNEL32.DLL
0x000007fd19ce0000 - 0x000007fd19dd4000 	C:\Windows\system32\KERNELBASE.dll
0x000007fd1b0f0000 - 0x000007fd1b1ce000 	C:\Windows\system32\ADVAPI32.dll
0x000007fd1a840000 - 0x000007fd1a98c000 	C:\Windows\system32\USER32.dll
0x000007fd174a0000 - 0x000007fd1770a000 	C:\Windows\WinSxS\amd64_microsoft.windows.common-controls_6595b64144ccf1df_6.0.9200.17321_none_41866eeb718ed8b9\COMCTL32.dll
0x000007fd19de0000 - 0x000007fd19e85000 	C:\Windows\system32\msvcrt.dll
0x000007fd1ab60000 - 0x000007fd1aba8000 	C:\Windows\SYSTEM32\sechost.dll
0x000007fd1a380000 - 0x000007fd1a4c5000 	C:\Windows\system32\RPCRT4.dll
0x000007fd1c8b0000 - 0x000007fd1c9f1000 	C:\Windows\system32\GDI32.dll
0x000007fd1ada0000 - 0x000007fd1add9000 	C:\Windows\system32\IMM32.DLL
0x000007fd1a660000 - 0x000007fd1a775000 	C:\Windows\system32\MSCTF.dll
0x00000000732d0000 - 0x00000000733a2000 	C:\Program Files\Java\jre1.8.0_45\bin\msvcr100.dll
0x0000000072a40000 - 0x00000000732c3000 	C:\Program Files\Java\jre1.8.0_45\bin\server\jvm.dll
0x000007fd122a0000 - 0x000007fd122a9000 	C:\Windows\SYSTEM32\WSOCK32.dll
0x000007fd13240000 - 0x000007fd13260000 	C:\Windows\SYSTEM32\WINMM.dll
0x000007fd12b30000 - 0x000007fd12b39000 	C:\Windows\SYSTEM32\VERSION.dll
0x000007fd1ade0000 - 0x000007fd1ade7000 	C:\Windows\system32\PSAPI.DLL
0x000007fd1a780000 - 0x000007fd1a7d8000 	C:\Windows\system32\WS2_32.dll
0x000007fd13200000 - 0x000007fd13233000 	C:\Windows\SYSTEM32\WINMMBASE.dll
0x000007fd1ca00000 - 0x000007fd1ca09000 	C:\Windows\system32\NSI.dll
0x000007fd19c90000 - 0x000007fd19cdf000 	C:\Windows\SYSTEM32\cfgmgr32.dll
0x000007fd19c40000 - 0x000007fd19c62000 	C:\Windows\system32\DEVOBJ.dll
0x0000000072a30000 - 0x0000000072a3f000 	C:\Program Files\Java\jre1.8.0_45\bin\verify.dll
0x0000000072a00000 - 0x0000000072a29000 	C:\Program Files\Java\jre1.8.0_45\bin\java.dll
0x00000000729e0000 - 0x00000000729f6000 	C:\Program Files\Java\jre1.8.0_45\bin\zip.dll
0x000007fd1b380000 - 0x000007fd1c665000 	C:\Windows\system32\SHELL32.dll
0x000007fd1b1d0000 - 0x000007fd1b380000 	C:\Windows\SYSTEM32\combase.dll
0x000007fd1a7f0000 - 0x000007fd1a840000 	C:\Windows\system32\SHLWAPI.dll
0x000007fd17c10000 - 0x000007fd17ca6000 	C:\Windows\SYSTEM32\SHCORE.dll
0x000007fd19910000 - 0x000007fd19925000 	C:\Windows\system32\profapi.dll
0x000007fcfcec0000 - 0x000007fcfd023000 	C:\Windows\SYSTEM32\dbghelp.dll

VM Arguments:
jvm_args: -Xmx1024M -Xss1m -Djava.ext.dirs=C:\Users\Molham\AppData\Local\Android\sdk\build-tools\22.0.0\lib 
java_command: C:\Users\Molham\AppData\Local\Android\sdk\build-tools\22.0.0\lib\dx.jar --dex --output C:\Users\Molham\AndroidStudioProjects\PattyBurger\app\build\intermediates\pre-dexed\debug\classes-006f1eef89b03cb6e3805943c5c7833d7358eb14.jar C:\Users\Molham\AndroidStudioProjects\PattyBurger\app\build\intermediates\exploded-aar\com.android.support\support-v4\22.0.0\classes.jar
java_class_path (initial): C:\Users\Molham\AppData\Local\Android\sdk\build-tools\22.0.0\lib\dx.jar
Launcher Type: SUN_STANDARD

Environment Variables:
PATH=C:\ProgramData\Oracle\Java\javapath;C:\Python27\;C:\Python27\Scripts;C:\Program Files\Java\jdk1.7.0_45\bin;C:\Windows\system32;C:\Windows;C:\Windows\System32\Wbem;C:\Windows\System32\WindowsPowerShell\v1.0\;C:\Program Files (x86)\Windows Live\Shared;C:\Program Files (x86)\Microsoft SQL Server\100\Tools\Binn\;C:\Program Files\Microsoft SQL Server\100\Tools\Binn\;C:\Program Files\Microsoft SQL Server\100\DTS\Binn\;C:\Program Files\Microsoft\Web Platform Installer\;C:\Program Files (x86)\Microsoft ASP.NET\ASP.NET Web Pages\v1.0\;C:\Program Files\Microsoft SQL Server\110\Tools\Binn\;C:\Program Files (x86)\SMLNJ\bin\;C:\Program Files (x86)\Microsoft SQL Server\100\Tools\Binn\VSShell\Common7\IDE\;C:\Program Files (x86)\Microsoft SQL Server\100\DTS\Binn\;C:\Program Files (x86)\Common Files\lenovo\easyplussdk\bin;C:\Program Files (x86)\Heroku\bin;C:\Program Files (x86)\git\cmd;C:\Program Files (x86)\Windows Kits\8.1\Windows Performance Toolkit\;C:\Program Files (x86)\Microsoft SDKs\TypeScript\1.0\;C:\Users\Molham\AppData\Roaming\Python\Scripts
USERNAME=Molham
OS=Windows_NT
PROCESSOR_IDENTIFIER=Intel64 Family 6 Model 42 Stepping 7, GenuineIntel



---------------  S Y S T E M  ---------------

OS: Windows 8 , 64 bit Build 9200 (6.2.9200.16859)

CPU:total 4 (2 cores per cpu, 2 threads per core) family 6 model 42 stepping 7, cmov, cx8, fxsr, mmx, sse, sse2, sse3, ssse3, sse4.1, sse4.2, popcnt, avx, clmul, ht, tsc, tscinvbit

Memory: 4k page, physical 4140908k(159728k free), swap 7428664k(32272k free)

vm_info: Java HotSpot(TM) 64-Bit Server VM (25.45-b02) for windows-amd64 JRE (1.8.0_45-b14), built on Apr 10 2015 10:34:15 by "java_re" with MS VC++ 10.0 (VS2010)

time: Wed Jul 08 19:56:50 2015
elapsed time: 13 seconds (0d 0h 0m 13s)

